<?xml version="1.0" encoding="UTF-8"?>
<!-- Generated by org.testng.reporters.JUnitReportReporter -->
<testsuite hostname="W10D5CZPH2" failures="0" tests="1" name="ApiAutomation.PostApiUsingPojo" time="12.523" errors="0" timestamp="25 Jul 2020 07:59:07 GMT">
  <testcase classname="ApiAutomation.PostApiUsingPojo" name="postSerialization" time="12.523"/>
</testsuite> <!-- ApiAutomation.PostApiUsingPojo -->
